This is pdfTeX, Version 3.141592653-2.6-1.40.25 (TeX Live 2023/Debian) (preloaded format=pdflatex 2025.3.27)  12 APR 2025 20:24
entering extended mode
 restricted \write18 enabled.
 %&-line parsing enabled.
**report.tex
(./report.tex
LaTeX2e <2023-11-01> patch level 1
L3 programming layer <2024-01-22>
(/usr/share/texlive/texmf-dist/tex/latex/base/article.cls
Document Class: article 2023/05/17 v1.4n Standard LaTeX document class
(/usr/share/texlive/texmf-dist/tex/latex/base/size10.clo
File: size10.clo 2023/05/17 v1.4n Standard LaTeX file (size option)
)
\c@part=\count187
\c@section=\count188
\c@subsection=\count189
\c@subsubsection=\count190
\c@paragraph=\count191
\c@subparagraph=\count192
\c@figure=\count193
\c@table=\count194
\abovecaptionskip=\skip48
\belowcaptionskip=\skip49
\bibindent=\dimen140
)
(/usr/share/texlive/texmf-dist/tex/latex/fancyhdr/fancyhdr.sty
Package: fancyhdr 2022/11/09 v4.1 Extensive control of page headers and footers

\f@nch@headwidth=\skip50
\f@nch@O@elh=\skip51
\f@nch@O@erh=\skip52
\f@nch@O@olh=\skip53
\f@nch@O@orh=\skip54
\f@nch@O@elf=\skip55
\f@nch@O@erf=\skip56
\f@nch@O@olf=\skip57
\f@nch@O@orf=\skip58
)
(/usr/share/texlive/texmf-dist/tex/latex/l3backend/l3backend-pdftex.def
File: l3backend-pdftex.def 2024-01-04 L3 backend support: PDF output (pdfTeX)
\l__color_backend_stack_int=\count195
\l__pdf_internal_box=\box51
)

LaTeX Warning: Unused global option(s):
    [15pt].

(./report.aux)
\openout1 = `report.aux'.

LaTeX Font Info:    Checking defaults for OML/cmm/m/it on input line 15.
LaTeX Font Info:    ... okay on input line 15.
LaTeX Font Info:    Checking defaults for OMS/cmsy/m/n on input line 15.
LaTeX Font Info:    ... okay on input line 15.
LaTeX Font Info:    Checking defaults for OT1/cmr/m/n on input line 15.
LaTeX Font Info:    ... okay on input line 15.
LaTeX Font Info:    Checking defaults for T1/cmr/m/n on input line 15.
LaTeX Font Info:    ... okay on input line 15.
LaTeX Font Info:    Checking defaults for TS1/cmr/m/n on input line 15.
LaTeX Font Info:    ... okay on input line 15.
LaTeX Font Info:    Checking defaults for OMX/cmex/m/n on input line 15.
LaTeX Font Info:    ... okay on input line 15.
LaTeX Font Info:    Checking defaults for U/cmr/m/n on input line 15.
LaTeX Font Info:    ... okay on input line 15.
 [1

{/var/lib/texmf/fonts/map/pdftex/updmap/pdftex.map}]
Underfull \hbox (badness 10000) in paragraph at lines 41--46

 []


Underfull \hbox (badness 10000) in paragraph at lines 58--65

 []

[1{/usr/share/texmf/fonts/enc/dvips/cm-super/cm-super-ts1.enc}]
Overfull \hbox (3.61162pt too wide) in paragraph at lines 88--89
[]\OT1/cmr/m/n/10 This class han-dles pars-ing in-te-gers(small and large) and 
all the integer-
 []


Overfull \hbox (68.74883pt too wide) in paragraph at lines 116--118
[]\OT1/cmr/m/n/10 Structure: The main source files are lo-cated in the \OT1/cmt
t/m/n/10 src/main/java/arbitraryarithmetic
 []


Overfull \hbox (55.7515pt too wide) in paragraph at lines 126--129
[]\OT1/cmr/m/n/10 To per-form an op-er-a-tion be-tween \OT1/cmtt/m/n/10 x1 \OT1
/cmr/m/n/10 and \OT1/cmtt/m/n/10 x2\OT1/cmr/m/n/10 , use the stat-ment \OT1/cmt
t/m/n/10 x1.operation[]name(x2)\OT1/cmr/m/n/10 ,
 []

[2]
LaTeX Font Info:    External font `cmex10' loaded for size
(Font)              <7> on input line 138.
LaTeX Font Info:    External font `cmex10' loaded for size
(Font)              <5> on input line 138.
 [3]
Overfull \hbox (1.24742pt too wide) in paragraph at lines 201--203
\OT1/cmtt/m/n/10 javac -cp .:<add the absolute path to the aarithmetic.jar
 []


Overfull \hbox (16.99728pt too wide) in paragraph at lines 204--206
\OT1/cmtt/m/n/10 java -cp .:<absolute path to aarithmetic.jar> <relative path
 []


Overfull \hbox (53.74696pt too wide) in paragraph at lines 211--213
\OT1/cmtt/m/n/10 java -cp .:<absolute path to aarithmetic.jar> MyInfArith.MyInf
Arith
 []


Overfull \hbox (40.30705pt too wide) in paragraph at lines 214--218
\OT1/cmtt/m/n/10 <python3/python> my[]exe <int/float> <add/sub/mul/div> <operan
d[]1>
 []


Overfull \hbox (23.08719pt too wide) in paragraph at lines 214--218
\OT1/cmtt/m/n/10 ./my[]exe <int/float> <add/sub/mul/div> <operand[]1> <operand[
]2> 
 []

[4] [5] (./report.aux)
 ***********
LaTeX2e <2023-11-01> patch level 1
L3 programming layer <2024-01-22>
 ***********
 ) 
Here is how much of TeX's memory you used:
 643 strings out of 474222
 11231 string characters out of 5748733
 1932975 words of memory out of 5000000
 22967 multiletter control sequences out of 15000+600000
 560696 words of font info for 45 fonts, out of 8000000 for 9000
 1141 hyphenation exceptions out of 8191
 35i,11n,55p,262b,347s stack positions out of 10000i,1000n,20000p,200000b,200000s
</usr/share/texlive/texmf-dist/fonts/type1/public/amsfonts/cm/cmbx10.pfb></us
r/share/texlive/texmf-dist/fonts/type1/public/amsfonts/cm/cmbx12.pfb></usr/shar
e/texlive/texmf-dist/fonts/type1/public/amsfonts/cm/cmmi10.pfb></usr/share/texl
ive/texmf-dist/fonts/type1/public/amsfonts/cm/cmr10.pfb></usr/share/texlive/tex
mf-dist/fonts/type1/public/amsfonts/cm/cmr12.pfb></usr/share/texlive/texmf-dist
/fonts/type1/public/amsfonts/cm/cmtt10.pfb></usr/share/texmf/fonts/type1/public
/cm-super/sfrm1000.pfb>
Output written on report.pdf (6 pages, 111758 bytes).
PDF statistics:
 59 PDF objects out of 1000 (max. 8388607)
 36 compressed objects within 1 object stream
 0 named destinations out of 1000 (max. 500000)
 1 words of extra memory for PDF output out of 10000 (max. 10000000)

